This is pdfTeX, Version 3.141592653-2.6-1.40.28 (TeX Live 2025) (preloaded format=pdflatex 2025.12.25)  24 JAN 2026 17:55
entering extended mode
 restricted \write18 enabled.
 file:line:error style messages enabled.
 %&-line parsing enabled.
**c:/Users/Sebastian/Documents/sql-nosql-tic/Latex/01Principal/main.tex
(c:/Users/Sebastian/Documents/sql-nosql-tic/Latex/01Principal/main.tex
LaTeX2e <2025-11-01>
L3 programming layer <2025-11-14>
(./thesis.cls
Document Class: thesis 01/01/2024 EPN FIS THESIS paper class
(c:/texlive/2025/texmf-dist/tex/latex/base/report.cls
Document Class: report 2025/01/22 v1.4n Standard LaTeX document class
(c:/texlive/2025/texmf-dist/tex/latex/base/size11.clo
File: size11.clo 2025/01/22 v1.4n Standard LaTeX file (size option)
)
\c@part=\count275
\c@chapter=\count276
\c@section=\count277
\c@subsection=\count278
\c@subsubsection=\count279
\c@paragraph=\count280
\c@subparagraph=\count281
\c@figure=\count282
\c@table=\count283
\abovecaptionskip=\skip49
\belowcaptionskip=\skip50
\bibindent=\dimen148
) (c:/texlive/2025/texmf-dist/tex/latex/base/fontenc.sty
Package: fontenc 2025/07/18 v2.1d Standard LaTeX package
) (c:/texlive/2025/texmf-dist/tex/latex/base/inputenc.sty
Package: inputenc 2024/02/08 v1.3d Input encoding file
\inpenc@prehook=\toks17
\inpenc@posthook=\toks18
) (c:/texlive/2025/texmf-dist/tex/generic/babel/babel.sty
Package: babel 2025/12/11 v25.17 The multilingual framework for LuaLaTeX, pdfLaTeX and XeLaTeX
\babel@savecnt=\count284
LaTeX Encoding Info:    Redeclaring text command \ij (encoding OT1) on input line 2068.
LaTeX Encoding Info:    Redeclaring text command \IJ (encoding OT1) on input line 2070.
LaTeX Encoding Info:    Redeclaring text command \ij (encoding T1) on input line 2072.
LaTeX Encoding Info:    Redeclaring text command \IJ (encoding T1) on input line 2073.
LaTeX Encoding Info:    Ignoring declaration for text command \ij (encoding ?) on input line 2074.
LaTeX Encoding Info:    Ignoring declaration for text command \IJ (encoding ?) on input line 2076.
LaTeX Encoding Info:    Ignoring declaration for text command \SS (encoding ?) on input line 2101.
\U@D=\dimen149
\l@unhyphenated=\language90
 (c:/texlive/2025/texmf-dist/tex/generic/babel/txtbabel.def)
\bbl@readstream=\read2
\bbl@dirlevel=\count285
 (c:/texlive/2025/texmf-dist/tex/generic/babel/locale/es/babel-spanish.tex)
Package babel Info: Importing font and identification data for spanish
(babel)             from babel-es.ini. Reported on input line 4320.
 (c:/texlive/2025/texmf-dist/tex/generic/babel-spanish/spanish.ldf
Language: spanish.ldf 2021/05/27 v5.0q Spanish support from the babel system
\es@quottoks=\toks19
\es@quotdepth=\count286
Package babel Info: Making " an active character on input line 570.
Package babel Info: Making . an active character on input line 675.
Package babel Info: Making < an active character on input line 722.
Package babel Info: Making > an active character on input line 722.
))
LaTeX Encoding Info:    Redeclaring text command \guillemotleft (encoding OT1) on input line 23.
LaTeX Encoding Info:    Redeclaring text command \guillemotright (encoding OT1) on input line 23.
 (c:/texlive/2025/texmf-dist/tex/latex/psnfss/helvet.sty
Package: helvet 2020/03/25 PSNFSS-v9.3 (WaS) 
 (c:/texlive/2025/texmf-dist/tex/latex/graphics/keyval.sty
Package: keyval 2022/05/29 v1.15 key=value parser (DPC)
\KV@toks@=\toks20
)) (c:/texlive/2025/texmf-dist/tex/latex/geometry/geometry.sty
Package: geometry 2020/01/02 v5.9 Page Geometry
 (c:/texlive/2025/texmf-dist/tex/generic/iftex/ifvtex.sty
Package: ifvtex 2019/10/25 v1.7 ifvtex legacy package. Use iftex instead.
 (c:/texlive/2025/texmf-dist/tex/generic/iftex/iftex.sty
Package: iftex 2024/12/12 v1.0g TeX engine tests
))
\Gm@cnth=\count287
\Gm@cntv=\count288
\c@Gm@tempcnt=\count289
\Gm@bindingoffset=\dimen150
\Gm@wd@mp=\dimen151
\Gm@odd@mp=\dimen152
\Gm@even@mp=\dimen153
\Gm@layoutwidth=\dimen154
\Gm@layoutheight=\dimen155
\Gm@layouthoffset=\dimen156
\Gm@layoutvoffset=\dimen157
\Gm@dimlist=\toks21
) (c:/texlive/2025/texmf-dist/tex/latex/hyperref/hyperref.sty
Package: hyperref 2025-07-12 v7.01o Hypertext links for LaTeX
 (c:/texlive/2025/texmf-dist/tex/latex/kvsetkeys/kvsetkeys.sty
Package: kvsetkeys 2022-10-05 v1.19 Key value parser (HO)
) (c:/texlive/2025/texmf-dist/tex/generic/kvdefinekeys/kvdefinekeys.sty
Package: kvdefinekeys 2019-12-19 v1.6 Define keys (HO)
) (c:/texlive/2025/texmf-dist/tex/generic/pdfescape/pdfescape.sty
Package: pdfescape 2019/12/09 v1.15 Implements pdfTeX's escape features (HO)
 (c:/texlive/2025/texmf-dist/tex/generic/ltxcmds/ltxcmds.sty
Package: ltxcmds 2023-12-04 v1.26 LaTeX kernel commands for general use (HO)
) (c:/texlive/2025/texmf-dist/tex/generic/pdftexcmds/pdftexcmds.sty
Package: pdftexcmds 2020-06-27 v0.33 Utility functions of pdfTeX for LuaTeX (HO)
 (c:/texlive/2025/texmf-dist/tex/generic/infwarerr/infwarerr.sty
Package: infwarerr 2019/12/03 v1.5 Providing info/warning/error messages (HO)
)
Package pdftexcmds Info: \pdf@primitive is available.
Package pdftexcmds Info: \pdf@ifprimitive is available.
Package pdftexcmds Info: \pdfdraftmode found.
)) (c:/texlive/2025/texmf-dist/tex/latex/hycolor/hycolor.sty
Package: hycolor 2020-01-27 v1.10 Color options for hyperref/bookmark (HO)
) (c:/texlive/2025/texmf-dist/tex/latex/hyperref/nameref.sty
Package: nameref 2025-06-21 v2.57 Cross-referencing by name of section
 (c:/texlive/2025/texmf-dist/tex/latex/refcount/refcount.sty
Package: refcount 2019/12/15 v3.6 Data extraction from label references (HO)
) (c:/texlive/2025/texmf-dist/tex/generic/gettitlestring/gettitlestring.sty
Package: gettitlestring 2019/12/15 v1.6 Cleanup title references (HO)
 (c:/texlive/2025/texmf-dist/tex/latex/kvoptions/kvoptions.sty
Package: kvoptions 2022-06-15 v3.15 Key value format for package options (HO)
))
\c@section@level=\count290
) (c:/texlive/2025/texmf-dist/tex/latex/etoolbox/etoolbox.sty
Package: etoolbox 2025/10/02 v2.5m e-TeX tools for LaTeX (JAW)
\etb@tempcnta=\count291
) (c:/texlive/2025/texmf-dist/tex/generic/stringenc/stringenc.sty
Package: stringenc 2019/11/29 v1.12 Convert strings between diff. encodings (HO)
)
\@linkdim=\dimen158
\Hy@linkcounter=\count292
\Hy@pagecounter=\count293
 (c:/texlive/2025/texmf-dist/tex/latex/hyperref/pd1enc.def
File: pd1enc.def 2025-07-12 v7.01o Hyperref: PDFDocEncoding definition (HO)
Now handling font encoding PD1 ...
... no UTF-8 mapping file for font encoding PD1
) (c:/texlive/2025/texmf-dist/tex/generic/intcalc/intcalc.sty
Package: intcalc 2019/12/15 v1.3 Expandable calculations with integers (HO)
)
\Hy@SavedSpaceFactor=\count294
 (c:/texlive/2025/texmf-dist/tex/latex/hyperref/puenc.def
File: puenc.def 2025-07-12 v7.01o Hyperref: PDF Unicode definition (HO)
Now handling font encoding PU ...
... no UTF-8 mapping file for font encoding PU
)
Package hyperref Info: Option `colorlinks' set `true' on input line 4066.
Package hyperref Info: Option `hyperfootnotes' set `false' on input line 4066.
Package hyperref Info: Hyper figures OFF on input line 4195.
Package hyperref Info: Link nesting OFF on input line 4200.
Package hyperref Info: Hyper index ON on input line 4203.
Package hyperref Info: Plain pages OFF on input line 4210.
Package hyperref Info: Backreferencing OFF on input line 4215.
Package hyperref Info: Implicit mode ON; LaTeX internals redefined.
Package hyperref Info: Bookmarks ON on input line 4462.
\c@Hy@tempcnt=\count295
 (c:/texlive/2025/texmf-dist/tex/latex/url/url.sty
\Urlmuskip=\muskip17
Package: url 2013/09/16  ver 3.4  Verb mode for urls, etc.
)
LaTeX Info: Redefining \url on input line 4801.
\XeTeXLinkMargin=\dimen159
 (c:/texlive/2025/texmf-dist/tex/generic/bitset/bitset.sty
Package: bitset 2019/12/09 v1.3 Handle bit-vector datatype (HO)
 (c:/texlive/2025/texmf-dist/tex/generic/bigintcalc/bigintcalc.sty
Package: bigintcalc 2019/12/15 v1.5 Expandable calculations on big integers (HO)
))
\Fld@menulength=\count296
\Field@Width=\dimen160
\Fld@charsize=\dimen161
Package hyperref Info: Hyper figures OFF on input line 6078.
Package hyperref Info: Link nesting OFF on input line 6083.
Package hyperref Info: Hyper index ON on input line 6086.
Package hyperref Info: backreferencing OFF on input line 6093.
Package hyperref Info: Link coloring ON on input line 6096.
Package hyperref Info: Link coloring with OCG OFF on input line 6103.
Package hyperref Info: PDF/A mode OFF on input line 6108.
\Hy@abspage=\count297
\c@Item=\count298
)
Package hyperref Info: Driver (autodetected): hpdftex.
 (c:/texlive/2025/texmf-dist/tex/latex/hyperref/hpdftex.def
File: hpdftex.def 2025-07-12 v7.01o Hyperref driver for pdfTeX
\Fld@listcount=\count299
\c@bookmark@seq@number=\count300
 (c:/texlive/2025/texmf-dist/tex/latex/rerunfilecheck/rerunfilecheck.sty
Package: rerunfilecheck 2025-06-21 v1.11 Rerun checks for auxiliary files (HO)
 (c:/texlive/2025/texmf-dist/tex/generic/uniquecounter/uniquecounter.sty
Package: uniquecounter 2019/12/15 v1.4 Provide unlimited unique counter (HO)
)
Package uniquecounter Info: New unique counter `rerunfilecheck' on input line 284.
)
\Hy@SectionHShift=\skip51
) (c:/texlive/2025/texmf-dist/tex/latex/amsmath/amsmath.sty
Package: amsmath 2025/07/09 v2.17z AMS math features
\@mathmargin=\skip52

For additional information on amsmath, use the `?' option.
(c:/texlive/2025/texmf-dist/tex/latex/amsmath/amstext.sty
Package: amstext 2024/11/17 v2.01 AMS text
 (c:/texlive/2025/texmf-dist/tex/latex/amsmath/amsgen.sty
File: amsgen.sty 1999/11/30 v2.0 generic functions
\@emptytoks=\toks22
\ex@=\dimen162
)) (c:/texlive/2025/texmf-dist/tex/latex/amsmath/amsbsy.sty
Package: amsbsy 1999/11/29 v1.2d Bold Symbols
\pmbraise@=\dimen163
) (c:/texlive/2025/texmf-dist/tex/latex/amsmath/amsopn.sty
Package: amsopn 2022/04/08 v2.04 operator names
)
\inf@bad=\count301
LaTeX Info: Redefining \frac on input line 233.
\uproot@=\count302
\leftroot@=\count303
LaTeX Info: Redefining \overline on input line 398.
LaTeX Info: Redefining \colon on input line 409.
\classnum@=\count304
\DOTSCASE@=\count305
LaTeX Info: Redefining \ldots on input line 495.
LaTeX Info: Redefining \dots on input line 498.
LaTeX Info: Redefining \cdots on input line 619.
\Mathstrutbox@=\box53
\strutbox@=\box54
LaTeX Info: Redefining \big on input line 721.
LaTeX Info: Redefining \Big on input line 722.
LaTeX Info: Redefining \bigg on input line 723.
LaTeX Info: Redefining \Bigg on input line 724.
\big@size=\dimen164
LaTeX Font Info:    Redeclaring font encoding OML on input line 742.
LaTeX Font Info:    Redeclaring font encoding OMS on input line 743.
\macc@depth=\count306
LaTeX Info: Redefining \bmod on input line 904.
LaTeX Info: Redefining \pmod on input line 909.
LaTeX Info: Redefining \smash on input line 939.
LaTeX Info: Redefining \relbar on input line 969.
LaTeX Info: Redefining \Relbar on input line 970.
\c@MaxMatrixCols=\count307
\dotsspace@=\muskip18
\c@parentequation=\count308
\dspbrk@lvl=\count309
\tag@help=\toks23
\row@=\count310
\column@=\count311
\maxfields@=\count312
\andhelp@=\toks24
\eqnshift@=\dimen165
\alignsep@=\dimen166
\tagshift@=\dimen167
\tagwidth@=\dimen168
\totwidth@=\dimen169
\lineht@=\dimen170
\@envbody=\toks25
\multlinegap=\skip53
\multlinetaggap=\skip54
\mathdisplay@stack=\toks26
LaTeX Info: Redefining \[ on input line 2950.
LaTeX Info: Redefining \] on input line 2951.
) (c:/texlive/2025/texmf-dist/tex/latex/amsfonts/amsfonts.sty
Package: amsfonts 2013/01/14 v3.01 Basic AMSFonts support
\symAMSa=\mathgroup4
\symAMSb=\mathgroup5
LaTeX Font Info:    Redeclaring math symbol \hbar on input line 98.
LaTeX Font Info:    Overwriting math alphabet `\mathfrak' in version `bold'
(Font)                  U/euf/m/n --> U/euf/b/n on input line 106.
) (c:/texlive/2025/texmf-dist/tex/latex/amsfonts/amssymb.sty
Package: amssymb 2013/01/14 v3.01 AMS font symbols
) (c:/texlive/2025/texmf-dist/tex/latex/float/float.sty
Package: float 2001/11/08 v1.3d Float enhancements (AL)
\c@float@type=\count313
\float@exts=\toks27
\float@box=\box55
\@float@everytoks=\toks28
\@floatcapt=\box56
) (c:/texlive/2025/texmf-dist/tex/latex/csquotes/csquotes.sty
Package: csquotes 2024-04-04 v5.2o context-sensitive quotations (JAW)
\csq@reset=\count314
\csq@gtype=\count315
\csq@glevel=\count316
\csq@qlevel=\count317
\csq@maxlvl=\count318
\csq@tshold=\count319
\csq@ltx@everypar=\toks29
 (c:/texlive/2025/texmf-dist/tex/latex/csquotes/csquotes.def
File: csquotes.def 2024-04-04 v5.2o csquotes generic definitions (JAW)
)
Package csquotes Info: Trying to load configuration file 'csquotes.cfg'...
Package csquotes Info: ... configuration file loaded successfully.
 (c:/texlive/2025/texmf-dist/tex/latex/csquotes/csquotes.cfg
File: csquotes.cfg 
)) (c:/texlive/2025/texmf-dist/tex/latex/graphics/graphicx.sty
Package: graphicx 2024/12/31 v1.2e Enhanced LaTeX Graphics (DPC,SPQR)
 (c:/texlive/2025/texmf-dist/tex/latex/graphics/graphics.sty
Package: graphics 2024/08/06 v1.4g Standard LaTeX Graphics (DPC,SPQR)
 (c:/texlive/2025/texmf-dist/tex/latex/graphics/trig.sty
Package: trig 2023/12/02 v1.11 sin cos tan (DPC)
) (c:/texlive/2025/texmf-dist/tex/latex/graphics-cfg/graphics.cfg
File: graphics.cfg 2016/06/04 v1.11 sample graphics configuration
)
Package graphics Info: Driver file: pdftex.def on input line 106.
 (c:/texlive/2025/texmf-dist/tex/latex/graphics-def/pdftex.def
File: pdftex.def 2025/09/29 v1.2d Graphics/color driver for pdftex
))
\Gin@req@height=\dimen171
\Gin@req@width=\dimen172
) (c:/texlive/2025/texmf-dist/tex/latex/tools/tabularx.sty
Package: tabularx 2023/12/11 v2.12a `tabularx' package (DPC)
 (c:/texlive/2025/texmf-dist/tex/latex/tools/array.sty
Package: array 2025/09/25 v2.6n Tabular extension package (FMi)
\col@sep=\dimen173
\ar@mcellbox=\box57
\extrarowheight=\dimen174
\NC@list=\toks30
\extratabsurround=\skip55
\backup@length=\skip56
\ar@cellbox=\box58
)
\TX@col@width=\dimen175
\TX@old@table=\dimen176
\TX@old@col=\dimen177
\TX@target=\dimen178
\TX@delta=\dimen179
\TX@cols=\count320
\TX@ftn=\toks31
) (c:/texlive/2025/texmf-dist/tex/latex/booktabs/booktabs.sty
Package: booktabs 2020/01/12 v1.61803398 Publication quality tables
\heavyrulewidth=\dimen180
\lightrulewidth=\dimen181
\cmidrulewidth=\dimen182
\belowrulesep=\dimen183
\belowbottomsep=\dimen184
\aboverulesep=\dimen185
\abovetopsep=\dimen186
\cmidrulesep=\dimen187
\cmidrulekern=\dimen188
\defaultaddspace=\dimen189
\@cmidla=\count321
\@cmidlb=\count322
\@aboverulesep=\dimen190
\@belowrulesep=\dimen191
\@thisruleclass=\count323
\@lastruleclass=\count324
\@thisrulewidth=\dimen192
) (c:/texlive/2025/texmf-dist/tex/latex/multirow/multirow.sty
Package: multirow 2024/11/12 v2.9 Span multiple rows of a table
\multirow@colwidth=\skip57
\multirow@cntb=\count325
\multirow@dima=\skip58
\bigstrutjot=\dimen193
) (c:/texlive/2025/texmf-dist/tex/latex/tools/longtable.sty
Package: longtable 2025-10-13 v4.24 Multi-page Table package (DPC)
\LTleft=\skip59
\LTright=\skip60
\LTpre=\skip61
\LTpost=\skip62
\LTchunksize=\count326
\LTcapwidth=\dimen194
\LT@head=\box59
\LT@firsthead=\box60
\LT@foot=\box61
\LT@lastfoot=\box62
\LT@gbox=\box63
\LT@cols=\count327
\LT@rows=\count328
\c@LT@tables=\count329
\c@LT@chunks=\count330
\LT@p@ftn=\toks32
) (c:/texlive/2025/texmf-dist/tex/latex/xcolor/xcolor.sty
Package: xcolor 2024/09/29 v3.02 LaTeX color extensions (UK)
 (c:/texlive/2025/texmf-dist/tex/latex/graphics-cfg/color.cfg
File: color.cfg 2016/01/02 v1.6 sample color configuration
)
Package xcolor Info: Driver file: pdftex.def on input line 274.
 (c:/texlive/2025/texmf-dist/tex/latex/graphics/mathcolor.ltx)
Package xcolor Info: Model `cmy' substituted by `cmy0' on input line 1349.
Package xcolor Info: Model `hsb' substituted by `rgb' on input line 1353.
Package xcolor Info: Model `RGB' extended on input line 1365.
Package xcolor Info: Model `HTML' substituted by `rgb' on input line 1367.
Package xcolor Info: Model `Hsb' substituted by `hsb' on input line 1368.
Package xcolor Info: Model `tHsb' substituted by `hsb' on input line 1369.
Package xcolor Info: Model `HSB' substituted by `hsb' on input line 1370.
Package xcolor Info: Model `Gray' substituted by `gray' on input line 1371.
Package xcolor Info: Model `wave' substituted by `hsb' on input line 1372.
) (c:/texlive/2025/texmf-dist/tex/latex/colortbl/colortbl.sty
Package: colortbl 2024/10/29 v1.0k Color table columns (DPC)
\everycr=\toks33
\minrowclearance=\skip63
\rownum=\count331
) (c:/texlive/2025/texmf-dist/tex/latex/datetime/datetime.sty
Package: datetime 2015/03/20 v2.60 Date Time Package
 (c:/texlive/2025/texmf-dist/tex/latex/fmtcount/fmtcount.sty
Package: fmtcount 2025/12/02 v3.12 Displaying the values of LaTeX counters (NT,VB,NE)
 (c:/texlive/2025/texmf-dist/tex/latex/base/ifthen.sty
Package: ifthen 2024/03/16 v1.1e Standard LaTeX ifthen package (DPC)
) (c:/texlive/2025/texmf-dist/tex/latex/xkeyval/xkeyval.sty
Package: xkeyval 2025/11/04 v2.10 package option processing (HA)
 (c:/texlive/2025/texmf-dist/tex/generic/xkeyval/xkeyval.tex (c:/texlive/2025/texmf-dist/tex/generic/xkeyval/xkvutils.tex
\XKV@toks=\toks34
\XKV@tempa@toks=\toks35
\XKV@tempb@toks=\toks36
)
\XKV@depth=\count332
File: xkeyval.tex 2014/12/03 v2.7a key=value parser (HA)
)) (c:/texlive/2025/texmf-dist/tex/latex/fmtcount/fcprefix.sty
Package: fcprefix 2012/09/28
 (c:/texlive/2025/texmf-dist/tex/latex/fmtcount/fcnumparser.sty
Package: fcnumparser 2017/06/15
\fc@digit@counter=\count333
))
\c@padzeroesN=\count334
\fc@tmpcatcode=\count335
\@DT@modctr=\count336
\@ordinalctr=\count337
\@orgargctr=\count338
\@strctr=\count339
\@tmpstrctr=\count340
\@DT@loopN=\count341
\@DT@X=\count342
) (c:/texlive/2025/texmf-dist/tex/latex/datetime/datetime-defaults.sty
Package: datetime-defaults 2013/09/10
)
\@day=\count343
\@month=\count344
\@year=\count345
\c@HOUR=\count346
\c@HOURXII=\count347
\c@MINUTE=\count348
\c@TOHOUR=\count349
\c@TOMINUTE=\count350
\c@SECOND=\count351
\currenthour=\count352
\currentminute=\count353
\currentsecond=\count354
Package datetime Info: No datetime.cfg file found, using default settings on input line 308.
\@dtctr=\count355
\dayofyear=\count356
\dayofweek=\count357
LaTeX Info: Redefining \today on input line 736.
 (c:/texlive/2025/texmf-dist/tex/latex/datetime/dt-spanish.def
File: dt-spanish.def 2013/09/10
LaTeX Info: Redefining \datespanish on input line 85.
)
\dt@a=\toks37
\dt@b=\toks38
) (c:/texlive/2025/texmf-dist/tex/latex/minitoc/minitoc.sty
Package: minitoc 2018/07/12 v62 Package minitoc
 (c:/texlive/2025/texmf-dist/tex/latex/minitoc/mtcmess.sty
Package: mtcmess 2006/03/14
)
Package minitoc Info: I0001
(minitoc)             *** minitoc package, version 62 ***.
\tf@mtc=\write3
\mtcindent=\skip64
\mtcskipamount=\skip65
Package minitoc Info: I0005
(minitoc)             compatible with hyperref.
Package minitoc Info: I0023
(minitoc)             part level macros available.
Package minitoc Info: I0003
(minitoc)             chapter level macros available.
\mtc@toks=\toks39
\mtc@strutbox=\box64
\mtc@hstrutbox=\box65
Package minitoc Info: I0002
(minitoc)             Autoconfiguration of extensions.
\openout3 = `main.mtc0'.

\openout3 = `main.mtc'.

 (./main.mtc0)
Package minitoc Info: I0012
(minitoc)             Long extensions (Unix-like) will be used.
Package minitoc Info: I0031
(minitoc)             ==> this version is configured for UNIX-like 
(minitoc)                 (long extensions) file names.
\openout3 = `main.mtc'.

\openout3 = `main.mtc0'.

\c@mtc=\count358
\c@minitocdepth=\count359
\c@ptc=\count360
\c@parttocdepth=\count361
\ptcindent=\skip66
Package minitoc Info: I0010
(minitoc)             The english language is selected.
(minitoc)              on input line 4910.
 (c:/texlive/2025/texmf-dist/tex/latex/minitoc/english.mld
File: english.mld 2006/01/13
) (c:/texlive/2025/texmf-dist/tex/latex/minitoc/english.mld
File: english.mld 2006/01/13
)
Package minitoc Info: I0010
(minitoc)             The spanish language is selected.
(minitoc)              on input line 4911.
 (c:/texlive/2025/texmf-dist/tex/latex/minitoc/spanish.mld
File: spanish.mld 2008/04/03
)) (c:/texlive/2025/texmf-dist/tex/latex/caption/caption.sty
Package: caption 2023/08/05 v3.6o Customizing captions (AR)
 (c:/texlive/2025/texmf-dist/tex/latex/caption/caption3.sty
Package: caption3 2023/07/31 v2.4d caption3 kernel (AR)
\caption@tempdima=\dimen195
\captionmargin=\dimen196
\caption@leftmargin=\dimen197
\caption@rightmargin=\dimen198
\caption@width=\dimen199
\caption@indent=\dimen256
\caption@parindent=\dimen257
\caption@hangindent=\dimen258
Package caption Info: Standard document class detected.
)
\c@caption@flags=\count362
\c@continuedfloat=\count363
Package caption Info: float package is loaded.
Package caption Info: hyperref package is loaded.
Package caption Info: longtable package is loaded.
 (c:/texlive/2025/texmf-dist/tex/latex/caption/ltcaption.sty
Package: ltcaption 2021/01/08 v1.4c longtable captions (AR)
))
Package caption Info: Option `declare type' requires the `newfloat' package on input line 63.
 (c:/texlive/2025/texmf-dist/tex/latex/newfloat/newfloat.sty
Package: newfloat 2023/10/01 v1.2 Defining new floating environments (AR)
Package newfloat Info: Unsupported document class, or \@chapter 
(newfloat)             was already redefined by another package.
Package newfloat Info: \@chapter = macro:[#1]#2->\sv@chapter [{#1}]{#2}\relax \addcontentsline {lof}{xchapter}{#1}\addcontentsline {lot}{xchapter}{#1}\ignorespaces .
Package newfloat Info: \Hy@org@chapter = macro:[#1]#2->\NR@gettitle {#1}\NR@chapter [{#1}]{#2}.
Package newfloat Info: \algocf@original@chapter = undefined.
)
Package newfloat Info: New float `equ' with options `' on input line 63.
\c@equ=\count364
Package newfloat Info: float type `equ'=4 on input line 63.
 (c:/texlive/2025/texmf-dist/tex/latex/titlesec/titlesec.sty
Package: titlesec 2025/01/04 v2.17 Sectioning titles
\ttl@box=\box66
\beforetitleunit=\skip67
\aftertitleunit=\skip68
\ttl@plus=\dimen259
\ttl@minus=\dimen260
\ttl@toksa=\toks40
\titlewidth=\dimen261
\titlewidthlast=\dimen262
\titlewidthfirst=\dimen263
) (c:/texlive/2025/texmf-dist/tex/latex/biblatex/biblatex.sty
Package: biblatex 2025/07/10 v3.21 programmable bibliographies (PK/MW)
 (c:/texlive/2025/texmf-dist/tex/latex/logreq/logreq.sty
Package: logreq 2010/08/04 v1.0 xml request logger
\lrq@indent=\count365
 (c:/texlive/2025/texmf-dist/tex/latex/logreq/logreq.def
File: logreq.def 2010/08/04 v1.0 logreq spec v1.0
))
\c@tabx@nest=\count366
\c@listtotal=\count367
\c@listcount=\count368
\c@liststart=\count369
\c@liststop=\count370
\c@citecount=\count371
\c@citetotal=\count372
\c@multicitecount=\count373
\c@multicitetotal=\count374
\c@instcount=\count375
\c@maxnames=\count376
\c@minnames=\count377
\c@maxitems=\count378
\c@minitems=\count379
\c@citecounter=\count380
\c@maxcitecounter=\count381
\c@savedcitecounter=\count382
\c@uniquelist=\count383
\c@uniquename=\count384
\c@refsection=\count385
\c@refsegment=\count386
\c@maxextratitle=\count387
\c@maxextratitleyear=\count388
\c@maxextraname=\count389
\c@maxextradate=\count390
\c@maxextraalpha=\count391
\c@abbrvpenalty=\count392
\c@highnamepenalty=\count393
\c@lownamepenalty=\count394
\c@maxparens=\count395
\c@parenlevel=\count396
\blx@tempcnta=\count397
\blx@tempcntb=\count398
\blx@tempcntc=\count399
\c@blx@maxsection=\count400
\blx@maxsegment@0=\count401
\blx@notetype=\count402
\blx@parenlevel@text=\count403
\blx@parenlevel@foot=\count404
\blx@sectionciteorder@0=\count405
\blx@sectionciteorderinternal@0=\count406
\blx@entrysetcounter=\count407
\blx@biblioinstance=\count408
\labelnumberwidth=\skip69
\labelalphawidth=\skip70
\biblabelsep=\skip71
\bibitemsep=\skip72
\bibnamesep=\skip73
\bibinitsep=\skip74
\bibparsep=\skip75
\bibhang=\skip76
\blx@bcfin=\read3
\blx@bcfout=\write4
\blx@langwohyphens=\language91
\c@mincomprange=\count409
\c@maxcomprange=\count410
\c@mincompwidth=\count411
Package biblatex Info: Trying to load biblatex default data model...
Package biblatex Info: ... file 'blx-dm.def' found.
 (c:/texlive/2025/texmf-dist/tex/latex/biblatex/blx-dm.def
File: blx-dm.def 2025/07/10 v3.21 biblatex datamodel (PK/MW)
)
Package biblatex Info: Trying to load biblatex style data model...
Package biblatex Info: ... file 'ieee.dbx' not found.
Package biblatex Info: Trying to load biblatex custom data model...
Package biblatex Info: ... file 'biblatex-dm.cfg' not found.
\c@afterword=\count412
\c@savedafterword=\count413
\c@annotator=\count414
\c@savedannotator=\count415
\c@author=\count416
\c@savedauthor=\count417
\c@bookauthor=\count418
\c@savedbookauthor=\count419
\c@commentator=\count420
\c@savedcommentator=\count421
\c@editor=\count422
\c@savededitor=\count423
\c@editora=\count424
\c@savededitora=\count425
\c@editorb=\count426
\c@savededitorb=\count427
\c@editorc=\count428
\c@savededitorc=\count429
\c@foreword=\count430
\c@savedforeword=\count431
\c@holder=\count432
\c@savedholder=\count433
\c@introduction=\count434
\c@savedintroduction=\count435
\c@namea=\count436
\c@savednamea=\count437
\c@nameb=\count438
\c@savednameb=\count439
\c@namec=\count440
\c@savednamec=\count441
\c@translator=\count442
\c@savedtranslator=\count443
\c@shortauthor=\count444
\c@savedshortauthor=\count445
\c@shorteditor=\count446
\c@savedshorteditor=\count447
\c@labelname=\count448
\c@savedlabelname=\count449
\c@institution=\count450
\c@savedinstitution=\count451
\c@lista=\count452
\c@savedlista=\count453
\c@listb=\count454
\c@savedlistb=\count455
\c@listc=\count456
\c@savedlistc=\count457
\c@listd=\count458
\c@savedlistd=\count459
\c@liste=\count460
\c@savedliste=\count461
\c@listf=\count462
\c@savedlistf=\count463
\c@location=\count464
\c@savedlocation=\count465
\c@organization=\count466
\c@savedorganization=\count467
\c@origlocation=\count468
\c@savedoriglocation=\count469
\c@origpublisher=\count470
\c@savedorigpublisher=\count471
\c@publisher=\count472
\c@savedpublisher=\count473
\c@language=\count474
\c@savedlanguage=\count475
\c@origlanguage=\count476
\c@savedoriglanguage=\count477
\c@pageref=\count478
\c@savedpageref=\count479
\shorthandwidth=\skip77
\shortjournalwidth=\skip78
\shortserieswidth=\skip79
\shorttitlewidth=\skip80
\shortauthorwidth=\skip81
\shorteditorwidth=\skip82
\locallabelnumberwidth=\skip83
\locallabelalphawidth=\skip84
\localshorthandwidth=\skip85
\localshortjournalwidth=\skip86
\localshortserieswidth=\skip87
\localshorttitlewidth=\skip88
\localshortauthorwidth=\skip89
\localshorteditorwidth=\skip90
Package biblatex Info: Trying to load compatibility code...
Package biblatex Info: ... file 'blx-compat.def' found.
 (c:/texlive/2025/texmf-dist/tex/latex/biblatex/blx-compat.def
File: blx-compat.def 2025/07/10 v3.21 biblatex compatibility (PK/MW)
)
Package biblatex Info: Trying to load generic definitions...
Package biblatex Info: ... file 'biblatex.def' found.
 (c:/texlive/2025/texmf-dist/tex/latex/biblatex/biblatex.def
File: biblatex.def 2025/07/10 v3.21 biblatex compatibility (PK/MW)
\c@textcitecount=\count480
\c@textcitetotal=\count481
\c@textcitemaxnames=\count482
\c@biburlbigbreakpenalty=\count483
\c@biburlbreakpenalty=\count484
\c@biburlnumpenalty=\count485
\c@biburlucpenalty=\count486
\c@biburllcpenalty=\count487
\biburlbigskip=\muskip19
\biburlnumskip=\muskip20
\biburlucskip=\muskip21
\biburllcskip=\muskip22
\c@smartand=\count488
)
Package biblatex Info: Trying to load bibliography style 'ieee'...
Package biblatex Info: ... file 'ieee.bbx' found.
 (c:/texlive/2025/texmf-dist/tex/latex/biblatex-ieee/ieee.bbx
File: ieee.bbx 2025-08-01 v1.4f biblatex bibliography style
Package biblatex Info: Trying to load bibliography style 'numeric-comp'...
Package biblatex Info: ... file 'numeric-comp.bbx' found.
 (c:/texlive/2025/texmf-dist/tex/latex/biblatex/bbx/numeric-comp.bbx
File: numeric-comp.bbx 2025/07/10 v3.21 biblatex bibliography style (PK/MW)
Package biblatex Info: Trying to load bibliography style 'numeric'...
Package biblatex Info: ... file 'numeric.bbx' found.
 (c:/texlive/2025/texmf-dist/tex/latex/biblatex/bbx/numeric.bbx
File: numeric.bbx 2025/07/10 v3.21 biblatex bibliography style (PK/MW)
Package biblatex Info: Trying to load bibliography style 'standard'...
Package biblatex Info: ... file 'standard.bbx' found.
 (c:/texlive/2025/texmf-dist/tex/latex/biblatex/bbx/standard.bbx
File: standard.bbx 2025/07/10 v3.21 biblatex bibliography style (PK/MW)
\c@bbx:relatedcount=\count489
\c@bbx:relatedtotal=\count490
))))
Package biblatex Info: Trying to load citation style 'ieee'...
Package biblatex Info: ... file 'ieee.cbx' found.
 (c:/texlive/2025/texmf-dist/tex/latex/biblatex-ieee/ieee.cbx
File: ieee.cbx 2025-08-01 v1.4f biblatex citation style
Package biblatex Info: Trying to load citation style 'numeric-verb'...
Package biblatex Info: ... file 'numeric-verb.cbx' found.
 (c:/texlive/2025/texmf-dist/tex/latex/biblatex/cbx/numeric-verb.cbx
File: numeric-verb.cbx 2025/07/10 v3.21 biblatex citation style (PK/MW)
Package biblatex Info: Redefining '\cite'.
Package biblatex Info: Redefining '\parencite'.
Package biblatex Info: Redefining '\footcite'.
Package biblatex Info: Redefining '\footcitetext'.
Package biblatex Info: Redefining '\smartcite'.
Package biblatex Info: Redefining '\textcite'.
Package biblatex Info: Redefining '\supercite'.
Package biblatex Info: Redefining '\parencites'.
Package biblatex Info: Redefining '\smartcites'.
Package biblatex Info: Redefining '\textcites'.
))
Package biblatex Info: Trying to load configuration file...
Package biblatex Info: ... file 'biblatex.cfg' found.
 (c:/texlive/2025/texmf-dist/tex/latex/biblatex/biblatex.cfg
File: biblatex.cfg 
)
Package biblatex Info: Input encoding 'utf8' detected.
Package biblatex Info: Document encoding is UTF8 ....
 (c:/texlive/2025/texmf-dist/tex/latex/l3kernel/expl3.sty
Package: expl3 2025-11-14 L3 programming layer (loader) 
 (c:/texlive/2025/texmf-dist/tex/latex/l3backend/l3backend-pdftex.def
File: l3backend-pdftex.def 2025-10-09 L3 backend support: PDF output (pdfTeX)
\l__color_backend_stack_int=\count491
))
Package biblatex Info: ... and expl3
(biblatex)             2025-11-14 L3 programming layer (loader) 
(biblatex)             is new enough (at least 2020/04/06),
(biblatex)             setting 'casechanger=expl3'.
 (c:/texlive/2025/texmf-dist/tex/latex/biblatex/blx-case-expl3.sty (c:/texlive/2025/texmf-dist/tex/latex/l3packages/xparse/xparse.sty
Package: xparse 2025-10-09 L3 Experimental document command parser
)
Package: blx-case-expl3 2025/07/10 v3.21 expl3 case changing code for biblatex
)) (c:/texlive/2025/texmf-dist/tex/latex/lipsum/lipsum.sty (c:/texlive/2025/texmf-dist/tex/latex/l3packages/l3keys2e/l3keys2e.sty
Package: l3keys2e 2025-10-09 LaTeX2e option processing using LaTeX3 keys
)
Package: lipsum 2021-09-20 v2.7 150 paragraphs of Lorem Ipsum dummy text
\g__lipsum_par_int=\count492
\l__lipsum_a_int=\count493
\l__lipsum_b_int=\count494
 (c:/texlive/2025/texmf-dist/tex/latex/lipsum/lipsum.ltd.tex)) (c:/texlive/2025/texmf-dist/tex/latex/listings/listings.sty
\lst@mode=\count495
\lst@gtempboxa=\box67
\lst@token=\toks41
\lst@length=\count496
\lst@currlwidth=\dimen264
\lst@column=\count497
\lst@pos=\count498
\lst@lostspace=\dimen265
\lst@width=\dimen266
\lst@newlines=\count499
\lst@lineno=\count500
\lst@maxwidth=\dimen267
 (c:/texlive/2025/texmf-dist/tex/latex/listings/lstpatch.sty
File: lstpatch.sty 2025/11/14 1.11b (Carsten Heinz)
) (c:/texlive/2025/texmf-dist/tex/latex/listings/lstmisc.sty
File: lstmisc.sty 2025/11/14 1.11b (Carsten Heinz)
\c@lstnumber=\count501
\lst@skipnumbers=\count502
\lst@framebox=\box68
) (c:/texlive/2025/texmf-dist/tex/latex/listings/listings.cfg
File: listings.cfg 2025/11/14 1.11b listings configuration
))
Package: listings 2025/11/14 1.11b (Carsten Heinz)

==> First Aid for listings.sty no longer applied!
    Expected:
        2024/09/23 1.10c (Carsten Heinz)
    but found:
        2025/11/14 1.11b (Carsten Heinz)
    so I'm assuming it got fixed.
(c:/texlive/2025/texmf-dist/tex/latex/listings/lstlang1.sty
File: lstlang1.sty 2025/11/14 1.11b listings language file
)) (./additionalSettings.tex)
Package csquotes Info: Checking for multilingual support...
Package csquotes Info: ... found 'babel' package.
Package csquotes Info: Adjusting default style.
Package csquotes Info: Redefining alias 'default' -> 'spanish'.
LaTeX Font Info:    Trying to load font information for T1+phv on input line 8.
 (c:/texlive/2025/texmf-dist/tex/latex/psnfss/t1phv.fd
File: t1phv.fd 2020/03/25 scalable font definitions for T1/phv.
) (./main.aux
LaTeX Info: Redefining \. on input line 12.
LaTeX Info: Redefining \% on input line 12.
Package babel Info: 'spanish' activates 'spanish' shorthands.
(babel)             Reported on input line 12.
)
\openout1 = `main.aux'.

LaTeX Font Info:    Checking defaults for OML/cmm/m/it on input line 8.
LaTeX Font Info:    ... okay on input line 8.
LaTeX Font Info:    Checking defaults for OMS/cmsy/m/n on input line 8.
LaTeX Font Info:    ... okay on input line 8.
LaTeX Font Info:    Checking defaults for OT1/cmr/m/n on input line 8.
LaTeX Font Info:    ... okay on input line 8.
LaTeX Font Info:    Checking defaults for T1/cmr/m/n on input line 8.
LaTeX Font Info:    ... okay on input line 8.
LaTeX Font Info:    Checking defaults for TS1/cmr/m/n on input line 8.
LaTeX Font Info:    ... okay on input line 8.
LaTeX Font Info:    Checking defaults for OMX/cmex/m/n on input line 8.
LaTeX Font Info:    ... okay on input line 8.
LaTeX Font Info:    Checking defaults for U/cmr/m/n on input line 8.
LaTeX Font Info:    ... okay on input line 8.
LaTeX Font Info:    Checking defaults for PD1/pdf/m/n on input line 8.
LaTeX Font Info:    ... okay on input line 8.
LaTeX Font Info:    Checking defaults for PU/pdf/m/n on input line 8.
LaTeX Font Info:    ... okay on input line 8.
LaTeX Info: Redefining \. on input line 8.
LaTeX Info: Redefining \% on input line 8.

*geometry* driver: auto-detecting
*geometry* detected driver: pdftex
*geometry* verbose mode - [ preamble ] result:
* driver: pdftex
* paper: <default>
* layout: <same size as paper>
* layoutoffset:(h,v)=(0.0pt,0.0pt)
* modes: 
* h-part:(L,W,R)=(85.35826pt, 441.01773pt, 71.13188pt)
* v-part:(T,H,B)=(85.35826pt, 688.5567pt, 71.13188pt)
* \paperwidth=597.50787pt
* \paperheight=845.04684pt
* \textwidth=441.01773pt
* \textheight=688.5567pt
* \oddsidemargin=13.08827pt
* \evensidemargin=13.08827pt
* \topmargin=-23.91173pt
* \headheight=12.0pt
* \headsep=25.0pt
* \topskip=11.0pt
* \footskip=30.0pt
* \marginparwidth=50.0pt
* \marginparsep=10.0pt
* \columnsep=10.0pt
* \skip\footins=10.0pt plus 4.0pt minus 2.0pt
* \hoffset=0.0pt
* \voffset=0.0pt
* \mag=1000
* \@twocolumnfalse
* \@twosidefalse
* \@mparswitchfalse
* \@reversemarginfalse
* (1in=72.27pt=25.4mm, 1cm=28.453pt)

Package hyperref Info: Link coloring ON on input line 8.
(./main.out) (./main.out)
\@outlinefile=\write5
\openout5 = `main.out'.

 (c:/texlive/2025/texmf-dist/tex/context/base/mkii/supp-pdf.mkii
[Loading MPS to PDF converter (version 2006.09.02).]
\scratchcounter=\count503
\scratchdimen=\dimen268
\scratchbox=\box69
\nofMPsegments=\count504
\nofMParguments=\count505
\everyMPshowfont=\toks42
\MPscratchCnt=\count506
\MPscratchDim=\dimen269
\MPnumerator=\count507
\makeMPintoPDFobject=\count508
\everyMPtoPDFconversion=\toks43
) (c:/texlive/2025/texmf-dist/tex/latex/epstopdf-pkg/epstopdf-base.sty
Package: epstopdf-base 2020-01-24 v2.11 Base part for package epstopdf
Package epstopdf-base Info: Redefining graphics rule for `.eps' on input line 485.
 (c:/texlive/2025/texmf-dist/tex/latex/latexconfig/epstopdf-sys.cfg
File: epstopdf-sys.cfg 2010/07/13 v1.3 Configuration of (r)epstopdf for TeX Live
))
Package minitoc(hints) Info: I0049
(minitoc(hints))             ==> You requested the hints option. 
(minitoc(hints))             Some hints are eventually given below.


Package minitoc(hints) Warning: W0099
(minitoc(hints))                --- The titlesec package is loaded. 
(minitoc(hints))                It is incompatible 
(minitoc(hints))                with the minitoc package.

Package caption Info: Begin \AtBeginDocument code.
Package caption Info: listings package is loaded.
Package caption Info: End \AtBeginDocument code.
Package newfloat Info: Trying Plan B...
Package newfloat Info: `float' package detected.
Package biblatex Info: Trying to load language 'spanish'...
Package biblatex Info: ... file 'spanish.lbx' found.
(c:/texlive/2025/texmf-dist/tex/latex/biblatex/lbx/spanish.lbx
File: spanish.lbx 2025/07/10 v3.21 biblatex localization (PK/MW)
)
Package biblatex Info: Input encoding 'utf8' detected.
Package biblatex Info: Automatic encoding selection.
(biblatex)             Assuming data encoding 'utf8'.
\openout4 = `main.bcf'.

Package biblatex Info: Trying to load bibliographic data...
Package biblatex Info: ... file 'main.bbl' found.
 (./main.bbl)
Package biblatex Info: Reference section=0 on input line 8.
Package biblatex Info: Reference segment=0 on input line 8.
\c@lstlisting=\count509
 (../04Sections/01CoverPage/00-titlePageMain.tex (../04Sections/01CoverPage/01-titlePage.tex [1

{c:/texlive/2025/texmf-var/fonts/map/pdftex/updmap/pdftex.map}{c:/texlive/2025/texmf-dist/fonts/enc/dvips/base/8r.enc}])) (../04Sections/02Preliminary/01-Certification.tex) (../04Sections/02Preliminary/02-Declaration.tex
pdfTeX warning (ext4): destination with the same identifier (name{page.I}) has been already used, duplicate ignored
<to be read again> 
                   \relax 
l.1 ...on{SEBASTI√ÅN ALEJANDRO S√ÅNCHEZ MALDONADO}
                                                   [1

]) (../04Sections/02Preliminary/03-Dedication.tex
Underfull \hbox (badness 10000) in paragraph at lines 1--13

 []

[2

]) (../04Sections/02Preliminary/04-Acknowledgements.tex [3

])
Package minitoc Info: I0024
(minitoc)             PREPARING MINITOCS FROM main.toc on input line 21.
Package minitoc Info: I0033
(minitoc)             Writing main.mtc1.
\openout3 = `main.mtc1'.

Package minitoc Info: I0033
(minitoc)             Writing main.mtc2.
\openout3 = `main.mtc2'.

Package minitoc Info: I0033
(minitoc)             Writing main.mtc3.
\openout3 = `main.mtc3'.

Package minitoc Info: I0033
(minitoc)             Writing main.mtc4.
\openout3 = `main.mtc4'.

Package minitoc Info: I0033
(minitoc)             Writing main.mtc5.
\openout3 = `main.mtc5'.

Package minitoc Info: I0033
(minitoc)             Writing main.mtc6.
\openout3 = `main.mtc6'.

Package minitoc Info: I0033
(minitoc)             Writing main.mtc7.
\openout3 = `main.mtc7'.

Package minitoc Info: I0033
(minitoc)             Writing main.mtc8.
\openout3 = `main.mtc8'.

 [4

] (./main.toc
LaTeX Info: Redefining \sptext on input line 1.
LaTeX Info: Redefining \. on input line 1.
LaTeX Info: Redefining \% on input line 1.
LaTeX Font Info:    Trying to load font information for U+msa on input line 3.
 (c:/texlive/2025/texmf-dist/tex/latex/amsfonts/umsa.fd
File: umsa.fd 2013/01/14 v3.01 AMS symbols A
)
LaTeX Font Info:    Trying to load font information for U+msb on input line 3.
 (c:/texlive/2025/texmf-dist/tex/latex/amsfonts/umsb.fd
File: umsb.fd 2013/01/14 v3.01 AMS symbols B
) [5

])
\tf@toc=\write6
\openout6 = `main.toc'.

 [6] (./main.lof
LaTeX Info: Redefining \sptext on input line 1.
LaTeX Info: Redefining \. on input line 1.
LaTeX Info: Redefining \% on input line 1.
)
\tf@lof=\write7
\openout7 = `main.lof'.

 [7

] (./main.lot
LaTeX Info: Redefining \sptext on input line 1.
LaTeX Info: Redefining \. on input line 1.
LaTeX Info: Redefining \% on input line 1.
 [8

])
\tf@lot=\write8
\openout8 = `main.lot'.

 (../04Sections/03ContentOfDocument/00Abstract/00Abstract.tex [9]
LaTeX Font Info:    Font shape `T1/phv/b/it' in size <10.95> not available
(Font)              Font shape `T1/phv/b/sl' tried instead on input line 1.
 [10

]) (../04Sections/03ContentOfDocument/00-ContentOfDocument.tex [11

]
Cap\'{\i }tulo 1.
Package newfloat Info: Setting Plan B file extension to `lof'... on input line 4.
(../04Sections/03ContentOfDocument/01Chapter/01-00-Chapter.tex [1

] (../04Sections/03ContentOfDocument/01Chapter/01-01-Section.tex) (../04Sections/03ContentOfDocument/01Chapter/01-02-Section.tex [2]) (../04Sections/03ContentOfDocument/01Chapter/01-03-Section.tex) (../04Sections/03ContentOfDocument/01Chapter/01-04-Section.tex [3]
LaTeX Font Info:    Font shape `T1/phv/m/it' in size <10.95> not available
(Font)              Font shape `T1/phv/m/sl' tried instead on input line 5.
 [4] [5{c:/texlive/2025/texmf-dist/fonts/enc/dvips/cm-super/cm-super-t1.enc}]
Overfull \hbox (2.16243pt too wide) in paragraph at lines 47--48
\T1/phv/m/n/10.95 com-po-nen-tes re-uti-li-za-bles [[][]21[][], [][]22[][]]. Se in-te-grÛ Next.js pa-ra el ren-de-ri-za-do hÌ-bri-do (SSR/CSR)
 []

)) [6]
Cap\'{\i }tulo 2.
(../04Sections/03ContentOfDocument/02Chapter/02-00-Chapter.tex [7

] [8]
Underfull \hbox (badness 1584) in paragraph at lines 88--88
\T1/phv/m/n/10.95 de-fi-ni-ciÛn de ob-je-ti-vos del sprint,
 []

[9] [10]
Underfull \hbox (badness 3965) in paragraph at lines 121--122
[]|\T1/phv/m/n/10.95 Definir ob-je-ti-vos aca-dÈ-mi-cos,
 []


Underfull \hbox (badness 2119) in paragraph at lines 123--124
[]|\T1/phv/m/n/10.95 DiseÒar, pro-gra-mar, pro-bar y
 []

[11]
Underfull \hbox (badness 1565) in paragraph at lines 158--158
[]|\T1/phv/b/n/10.95 Prioridad en ne-go-
 []

[12]
Underfull \hbox (badness 1565) in paragraph at lines 179--179
[]|\T1/phv/b/n/10.95 Prioridad en ne-go-
 []

[13]
Underfull \hbox (badness 1565) in paragraph at lines 200--200
[]|\T1/phv/b/n/10.95 Prioridad en ne-go-
 []

[14]
Underfull \hbox (badness 1565) in paragraph at lines 221--221
[]|\T1/phv/b/n/10.95 Prioridad en ne-go-
 []

[15]
Underfull \hbox (badness 1565) in paragraph at lines 242--242
[]|\T1/phv/b/n/10.95 Prioridad en ne-go-
 []

[16]
Underfull \hbox (badness 1565) in paragraph at lines 263--263
[]|\T1/phv/b/n/10.95 Prioridad en ne-go-
 []

[17]
Underfull \hbox (badness 1565) in paragraph at lines 284--284
[]|\T1/phv/b/n/10.95 Prioridad en ne-go-
 []


Underfull \hbox (badness 1565) in paragraph at lines 305--305
[]|\T1/phv/b/n/10.95 Prioridad en ne-go-
 []

[18] [19] [20] [21]
<../02Figures/02Chapter/C2.arquitectura_detailed.png, id=567, 1020.81375pt x 1421.46056pt>
File: ../02Figures/02Chapter/C2.arquitectura_detailed.png Graphic file (type png)
<use ../02Figures/02Chapter/C2.arquitectura_detailed.png>
Package pdftex.def Info: ../02Figures/02Chapter/C2.arquitectura_detailed.png  used on input line 455.
(pdftex.def)             Requested size: 418.96548pt x 583.40993pt.
 [22]
Overfull \hbox (32.5425pt too wide) in paragraph at lines 463--464
[]\T1/phv/b/n/10.95 Capa fron-tend (Next.js): \T1/phv/m/n/10.95 Im-ple-men-ta un pa-trÛn de ges-tiÛn de es-ta-do glo-bal (\T1/cmtt/m/n/10.95 GlobalContext\T1/phv/m/n/10.95 )
 []

[23 <../02Figures/02Chapter/C2.arquitectura_detailed.png>]
Overfull \hbox (13.21814pt too wide) in paragraph at lines 464--465
[]\T1/phv/b/n/10.95 Capa bac-kend (Flask): \T1/phv/m/n/10.95 Ac-t˙a co-mo el n˙-cleo de pro-ce-sa-mien-to. El \T1/cmtt/m/n/10.95 ConsultaController
 []

<../02Figures/02Chapter/C2.prototipos_ui.png, id=579, 1445.4pt x 813.0375pt>
File: ../02Figures/02Chapter/C2.prototipos_ui.png Graphic file (type png)
<use ../02Figures/02Chapter/C2.prototipos_ui.png>
Package pdftex.def Info: ../02Figures/02Chapter/C2.prototipos_ui.png  used on input line 485.
(pdftex.def)             Requested size: 418.96548pt x 235.66318pt.
[24] [25 <../02Figures/02Chapter/C2.prototipos_ui.png>] (c:/texlive/2025/texmf-dist/tex/latex/listings/lstlang1.sty
File: lstlang1.sty 2025/11/14 1.11b listings language file
)
Package hyperref Info: bookmark level for unknown lstlisting defaults to 0 on input line 510.
 [26]
LaTeX Font Info:    Trying to load font information for TS1+phv on input line 567.
 (c:/texlive/2025/texmf-dist/tex/latex/psnfss/ts1phv.fd
File: ts1phv.fd 2020/03/25 scalable font definitions for TS1/phv.
) [27]
Overfull \hbox (1.18787pt too wide) in paragraph at lines 614--615
[]\T1/phv/m/n/10.95 El ob-je-ti-vo fue im-ple-men-tar la lÛ-gi-ca de tra-duc-ciÛn (HU03) y el ma-ne-jo de erro-res (HU04).
 []

[28] [29] [30]
Underfull \hbox (badness 10000) in paragraph at lines 738--738
[]|\T1/cmtt/m/n/10.95 SELECT * FROM usuarios WHERE id =
 []


Underfull \hbox (badness 10000) in paragraph at lines 740--740
[]|\T1/cmtt/m/n/10.95 SELECT nombre, edad FROM usuarios
 []


Underfull \hbox (badness 2229) in paragraph at lines 740--741
[]|\T1/cmtt/m/n/10.95 GET_FILTER \T1/phv/m/n/10.95 so-bre ta-bla usua-rios fil-tran-do
 []


Overfull \hbox (3.14774pt too wide) in paragraph at lines 734--746
 [][] 
 []

[31]
<../02Figures/02Chapter/C2.sequence_parser.png, id=752, 8222.72pt x 6721.11pt>
File: ../02Figures/02Chapter/C2.sequence_parser.png Graphic file (type png)
<use ../02Figures/02Chapter/C2.sequence_parser.png>
Package pdftex.def Info: ../02Figures/02Chapter/C2.sequence_parser.png  used on input line 767.
(pdftex.def)             Requested size: 441.01773pt x 360.3809pt.
 [32] [33 <../02Figures/02Chapter/C2.sequence_parser.png>]

Package caption Warning: \label without proper reference on input line 805.
See the caption package documentation for explanation.


LaTeX Warning: Reference `C2.firebase_structure' on page 34 undefined on input line 801.

<../02Figures/02Chapter/C2.firebase_structure.png, id=771, 1200.73593pt x 704.6325pt>
File: ../02Figures/02Chapter/C2.firebase_structure.png Graphic file (type png)
<use ../02Figures/02Chapter/C2.firebase_structure.png>
Package pdftex.def Info: ../02Figures/02Chapter/C2.firebase_structure.png  used on input line 806.
(pdftex.def)             Requested size: 374.86775pt x 219.98209pt.
[34 <../02Figures/02Chapter/C2.firebase_structure.png>] [35] [36] [37] [38]
Underfull \hbox (badness 10000) in paragraph at lines 1019--1019
[]|\T1/phv/m/n/10.95 Panel in-ter-ac-ti-vo con fil-tros por ti-
 []


Underfull \hbox (badness 10000) in paragraph at lines 1019--1019
\T1/phv/m/n/10.95 po (In-fo/Error) y con-tro-les de ex-pan-
 []

[39] [40] [41] [42]) [43]
Cap\'{\i }tulo 3.
(../04Sections/03ContentOfDocument/03Chapter/03-00-Chapter.tex (../04Sections/03ContentOfDocument/03Chapter/03-01-Section.tex (c:/texlive/2025/texmf-dist/tex/latex/listings/lstlang1.sty
File: lstlang1.sty 2025/11/14 1.11b listings language file
)
<../02Figures/03Chapter/R_InsertSimple.png, id=959, 1445.4pt x 813.0375pt>
File: ../02Figures/03Chapter/R_InsertSimple.png Graphic file (type png)
<use ../02Figures/03Chapter/R_InsertSimple.png>
Package pdftex.def Info: ../02Figures/03Chapter/R_InsertSimple.png  used on input line 22.
(pdftex.def)             Requested size: 418.96548pt x 235.66318pt.
 [44

]
<../02Figures/03Chapter/R_InsertBatch.png, id=966, 1445.4pt x 813.0375pt>
File: ../02Figures/03Chapter/R_InsertBatch.png Graphic file (type png)
<use ../02Figures/03Chapter/R_InsertBatch.png>
Package pdftex.def Info: ../02Figures/03Chapter/R_InsertBatch.png  used on input line 38.
(pdftex.def)             Requested size: 418.96548pt x 235.66318pt.
 [45 <../02Figures/03Chapter/R_InsertSimple.png>]
<../02Figures/03Chapter/R_SelectAll.png, id=974, 1445.4pt x 813.0375pt>
File: ../02Figures/03Chapter/R_SelectAll.png Graphic file (type png)
<use ../02Figures/03Chapter/R_SelectAll.png>
Package pdftex.def Info: ../02Figures/03Chapter/R_SelectAll.png  used on input line 58.
(pdftex.def)             Requested size: 418.96548pt x 235.66318pt.
 [46 <../02Figures/03Chapter/R_InsertBatch.png>]
<../02Figures/03Chapter/R_SelectID.png, id=982, 1445.4pt x 813.0375pt>
File: ../02Figures/03Chapter/R_SelectID.png Graphic file (type png)
<use ../02Figures/03Chapter/R_SelectID.png>
Package pdftex.def Info: ../02Figures/03Chapter/R_SelectID.png  used on input line 74.
(pdftex.def)             Requested size: 418.96548pt x 235.66318pt.
 [47 <../02Figures/03Chapter/R_SelectAll.png>]
<../02Figures/03Chapter/R_SelectProjection.png, id=990, 1445.4pt x 813.0375pt>
File: ../02Figures/03Chapter/R_SelectProjection.png Graphic file (type png)
<use ../02Figures/03Chapter/R_SelectProjection.png>
Package pdftex.def Info: ../02Figures/03Chapter/R_SelectProjection.png  used on input line 90.
(pdftex.def)             Requested size: 418.96548pt x 235.66318pt.
 [48 <../02Figures/03Chapter/R_SelectID.png>]
<../02Figures/03Chapter/R_SelectGreater.png, id=998, 1445.4pt x 813.0375pt>
File: ../02Figures/03Chapter/R_SelectGreater.png Graphic file (type png)
<use ../02Figures/03Chapter/R_SelectGreater.png>
Package pdftex.def Info: ../02Figures/03Chapter/R_SelectGreater.png  used on input line 106.
(pdftex.def)             Requested size: 418.96548pt x 235.66318pt.
 [49 <../02Figures/03Chapter/R_SelectProjection.png>]
<../02Figures/03Chapter/R_SelectLike.png, id=1007, 1445.4pt x 813.0375pt>
File: ../02Figures/03Chapter/R_SelectLike.png Graphic file (type png)
<use ../02Figures/03Chapter/R_SelectLike.png>
Package pdftex.def Info: ../02Figures/03Chapter/R_SelectLike.png  used on input line 122.
(pdftex.def)             Requested size: 418.96548pt x 235.66318pt.
 [50 <../02Figures/03Chapter/R_SelectGreater.png>]
<../02Figures/03Chapter/R_SelectILike.png, id=1016, 1445.4pt x 813.0375pt>
File: ../02Figures/03Chapter/R_SelectILike.png Graphic file (type png)
<use ../02Figures/03Chapter/R_SelectILike.png>
Package pdftex.def Info: ../02Figures/03Chapter/R_SelectILike.png  used on input line 138.
(pdftex.def)             Requested size: 418.96548pt x 235.66318pt.
 [51 <../02Figures/03Chapter/R_SelectLike.png>]
<../02Figures/03Chapter/R_SelectComplex.png, id=1024, 1445.4pt x 813.0375pt>
File: ../02Figures/03Chapter/R_SelectComplex.png Graphic file (type png)
<use ../02Figures/03Chapter/R_SelectComplex.png>
Package pdftex.def Info: ../02Figures/03Chapter/R_SelectComplex.png  used on input line 154.
(pdftex.def)             Requested size: 418.96548pt x 235.66318pt.
 [52 <../02Figures/03Chapter/R_SelectILike.png>]
<../02Figures/03Chapter/R_Update.png, id=1032, 1445.4pt x 813.0375pt>
File: ../02Figures/03Chapter/R_Update.png Graphic file (type png)
<use ../02Figures/03Chapter/R_Update.png>
Package pdftex.def Info: ../02Figures/03Chapter/R_Update.png  used on input line 172.
(pdftex.def)             Requested size: 418.96548pt x 235.66318pt.
 [53 <../02Figures/03Chapter/R_SelectComplex.png>]
<../02Figures/03Chapter/R_Delete.png, id=1040, 1445.4pt x 813.0375pt>
File: ../02Figures/03Chapter/R_Delete.png Graphic file (type png)
<use ../02Figures/03Chapter/R_Delete.png>
Package pdftex.def Info: ../02Figures/03Chapter/R_Delete.png  used on input line 188.
(pdftex.def)             Requested size: 418.96548pt x 235.66318pt.
 [54 <../02Figures/03Chapter/R_Update.png>]
<../02Figures/03Chapter/R_ErrorSyntax.png, id=1048, 1445.4pt x 813.0375pt>
File: ../02Figures/03Chapter/R_ErrorSyntax.png Graphic file (type png)
<use ../02Figures/03Chapter/R_ErrorSyntax.png>
Package pdftex.def Info: ../02Figures/03Chapter/R_ErrorSyntax.png  used on input line 206.
(pdftex.def)             Requested size: 418.96548pt x 235.66318pt.
 [55 <../02Figures/03Chapter/R_Delete.png>]
<../02Figures/03Chapter/R_ErrorSemantic.png, id=1057, 1445.4pt x 813.0375pt>
File: ../02Figures/03Chapter/R_ErrorSemantic.png Graphic file (type png)
<use ../02Figures/03Chapter/R_ErrorSemantic.png>
Package pdftex.def Info: ../02Figures/03Chapter/R_ErrorSemantic.png  used on input line 222.
(pdftex.def)             Requested size: 418.96548pt x 235.66318pt.
 [56 <../02Figures/03Chapter/R_ErrorSyntax.png>]
<../02Figures/03Chapter/R_Heuristic_Control.png, id=1065, 1445.4pt x 813.0375pt>
File: ../02Figures/03Chapter/R_Heuristic_Control.png Graphic file (type png)
<use ../02Figures/03Chapter/R_Heuristic_Control.png>
Package pdftex.def Info: ../02Figures/03Chapter/R_Heuristic_Control.png  used on input line 245.
(pdftex.def)             Requested size: 418.96548pt x 235.66318pt.
 [57 <../02Figures/03Chapter/R_ErrorSemantic.png>]
<../02Figures/03Chapter/R_Heuristic_Prevention.png, id=1071, 1445.4pt x 813.0375pt>
File: ../02Figures/03Chapter/R_Heuristic_Prevention.png Graphic file (type png)
<use ../02Figures/03Chapter/R_Heuristic_Prevention.png>
Package pdftex.def Info: ../02Figures/03Chapter/R_Heuristic_Prevention.png  used on input line 257.
(pdftex.def)             Requested size: 418.96548pt x 235.66318pt.
 [58 <../02Figures/03Chapter/R_Heuristic_Control.png>]
<../02Figures/03Chapter/R_Heuristic_Flexibility.png, id=1077, 1445.4pt x 813.0375pt>
File: ../02Figures/03Chapter/R_Heuristic_Flexibility.png Graphic file (type png)
<use ../02Figures/03Chapter/R_Heuristic_Flexibility.png>
Package pdftex.def Info: ../02Figures/03Chapter/R_Heuristic_Flexibility.png  used on input line 269.
(pdftex.def)             Requested size: 418.96548pt x 235.66318pt.
 [59 <../02Figures/03Chapter/R_Heuristic_Prevention.png>]
<../02Figures/03Chapter/R_Heuristic_UI.png, id=1083, 1445.4pt x 813.0375pt>
File: ../02Figures/03Chapter/R_Heuristic_UI.png Graphic file (type png)
<use ../02Figures/03Chapter/R_Heuristic_UI.png>
Package pdftex.def Info: ../02Figures/03Chapter/R_Heuristic_UI.png  used on input line 278.
(pdftex.def)             Requested size: 418.96548pt x 235.66318pt.
<../02Figures/03Chapter/R_Heuristic_Error.png, id=1084, 1445.4pt x 813.0375pt>
File: ../02Figures/03Chapter/R_Heuristic_Error.png Graphic file (type png)
<use ../02Figures/03Chapter/R_Heuristic_Error.png>
Package pdftex.def Info: ../02Figures/03Chapter/R_Heuristic_Error.png  used on input line 287.
(pdftex.def)             Requested size: 418.96548pt x 235.66318pt.
 [60 <../02Figures/03Chapter/R_Heuristic_Flexibility.png> <../02Figures/03Chapter/R_Heuristic_UI.png>]) [61 <../02Figures/03Chapter/R_Heuristic_Error.png>] (../04Sections/03ContentOfDocument/03Chapter/03-02-Section.tex [62]) (../04Sections/03ContentOfDocument/03Chapter/03-03-Section.tex [63]))) (../04Sections/04References/00-References.tex [64]
Cap\'{\i }tulo 4.
[65

] [66]) (../04Sections/05Annexes/00-Annexes.tex [67]
ANEXO I.
(../04Sections/05Annexes/AnexoI.tex [68

]) [69]
ANEXO II.
(../04Sections/05Annexes/Anexo_Planificacion.tex [70

] [71]
Underfull \hbox (badness 4913) in paragraph at lines 120--120
[]|\T1/phv/m/n/10.95 DiseÒar dis-po-si-ciÛn do-ble de pa-ne-les (SQL /
 []

[72]) [73]
ANEXO III.
(../04Sections/05Annexes/AnexoII.tex (c:/texlive/2025/texmf-dist/tex/latex/listings/lstlang1.sty
File: lstlang1.sty 2025/11/14 1.11b listings language file
) (c:/texlive/2025/texmf-dist/tex/latex/listings/lstlang1.sty
File: lstlang1.sty 2025/11/14 1.11b listings language file
) [74

]) [75]
ANEXO IV.
(../04Sections/05Annexes/AnexoIII.tex))
Package minitoc Info: I0009
(minitoc)             Listing minitoc auxiliary files. 
(minitoc)             Creating the main.maf file.
\openout3 = `main.maf'.



Package minitoc(hints) Warning: W0078
(minitoc(hints))                You have used \dominitoc, 
(minitoc(hints))                but not \minitoc.


Package minitoc(hints) Warning: W0033
(minitoc(hints))                The caption package should be 
(minitoc(hints))                loaded BEFORE the minitoc package.

Package minitoc(hints) Info: I0053
(minitoc(hints))             You have loaded the float package; 
(minitoc(hints))             please be aware that the minitoc package 
(minitoc(hints))             facilities can not be used for new types 
(minitoc(hints))             of floats defined by the float package.

Package minitoc(hints) Warning: W0024
(minitoc(hints))                Some hints have been written 
(minitoc(hints))                in the main.log file.

[76

] (./main.aux
LaTeX Info: Redefining \sptext on input line 12.
LaTeX Info: Redefining \. on input line 12.
LaTeX Info: Redefining \% on input line 12.
)
 ***********
LaTeX2e <2025-11-01>
L3 programming layer <2025-11-14>
 ***********


LaTeX Warning: There were undefined references.

Package rerunfilecheck Info: File `main.out' has not changed.
(rerunfilecheck)             Checksum: 169846A0ABED9C83BE62E0CA15C5605F;9229.
Package logreq Info: Writing requests to 'main.run.xml'.
\openout1 = `main.run.xml'.

 ) 
Here is how much of TeX's memory you used:
 29612 strings out of 467538
 512397 string characters out of 5423724
 1684894 words of memory out of 5000000
 57424 multiletter control sequences out of 15000+600000
 694013 words of font info for 113 fonts, out of 8000000 for 9000
 1141 hyphenation exceptions out of 8191
 90i,13n,131p,1644b,2321s stack positions out of 10000i,1000n,20000p,200000b,200000s
<c:/texlive/2025/texmf-dist/fonts/type1/public/amsfonts/cm/cmr10.pfb><c:/texlive/2025/texmf-dist/fonts/type1/public/amsfonts/cm/cmsy10.pfb><c:/texlive/2025/texmf-dist/fonts/type1/public/cm-super/sftt1095.pfb><c:/texlive/2025/texmf-dist/fonts/type1/urw/helvetic/uhvb8a.pfb><c:/texlive/2025/texmf-dist/fonts/type1/urw/helvetic/uhvbo8a.pfb><c:/texlive/2025/texmf-dist/fonts/type1/urw/helvetic/uhvr8a.pfb><c:/texlive/2025/texmf-dist/fonts/type1/urw/helvetic/uhvro8a.pfb>
Output written on main.pdf (88 pages, 4514777 bytes).
PDF statistics:
 1438 PDF objects out of 1440 (max. 8388607)
 1277 compressed objects within 13 object streams
 618 named destinations out of 1000 (max. 500000)
 479 words of extra memory for PDF output out of 10000 (max. 10000000)

