\BOOKMARK [0][-]{chapter.1}{\376\377\000I\000N\000T\000R\000O\000D\000U\000C\000C\000I\000\323\000N}{}% 1
\BOOKMARK [1][-]{section.1.1}{\376\377\000O\000b\000j\000e\000t\000i\000v\000o\000\040\000g\000e\000n\000e\000r\000a\000l}{chapter.1}% 2
\BOOKMARK [1][-]{section.1.2}{\376\377\000O\000b\000j\000e\000t\000i\000v\000o\000s\000\040\000e\000s\000p\000e\000c\000\355\000f\000i\000c\000o\000s}{chapter.1}% 3
\BOOKMARK [1][-]{section.1.3}{\376\377\000A\000l\000c\000a\000n\000c\000e}{chapter.1}% 4
\BOOKMARK [1][-]{section.1.4}{\376\377\000M\000a\000r\000c\000o\000\040\000t\000e\000\363\000r\000i\000c\000o}{chapter.1}% 5
\BOOKMARK [2][-]{subsection.1.4.1}{\376\377\000A\000n\000t\000e\000c\000e\000d\000e\000n\000t\000e\000s}{section.1.4}% 6
\BOOKMARK [2][-]{subsection.1.4.2}{\376\377\000F\000u\000n\000d\000a\000m\000e\000n\000t\000o\000s\000\040\000d\000e\000\040\000b\000a\000s\000e\000s\000\040\000d\000e\000\040\000d\000a\000t\000o\000s}{section.1.4}% 7
\BOOKMARK [2][-]{subsection.1.4.3}{\376\377\000L\000e\000n\000g\000u\000a\000j\000e\000s\000\040\000y\000\040\000h\000e\000r\000r\000a\000m\000i\000e\000n\000t\000a\000s\000\040\000p\000a\000r\000a\000\040\000e\000l\000\040\000a\000n\000\341\000l\000i\000s\000i\000s\000\040\000d\000e\000\040\000c\000o\000n\000s\000u\000l\000t\000a\000s}{section.1.4}% 8
\BOOKMARK [2][-]{subsection.1.4.4}{\376\377\000F\000r\000a\000m\000e\000w\000o\000r\000k\000s}{section.1.4}% 9
\BOOKMARK [2][-]{subsection.1.4.5}{\376\377\000M\000e\000t\000o\000d\000o\000l\000o\000g\000\355\000a\000\040\000d\000e\000\040\000d\000e\000s\000a\000r\000r\000o\000l\000l\000o}{section.1.4}% 10
\BOOKMARK [2][-]{subsection.1.4.6}{\376\377\000P\000r\000u\000e\000b\000a\000s\000\040\000d\000e\000\040\000s\000o\000f\000t\000w\000a\000r\000e}{section.1.4}% 11
\BOOKMARK [0][-]{chapter.2}{\376\377\000M\000E\000T\000O\000D\000O\000L\000O\000G\000\315\000A}{}% 12
\BOOKMARK [1][-]{section.2.1}{\376\377\000M\000a\000r\000c\000o\000\040\000d\000e\000\040\000t\000r\000a\000b\000a\000j\000o\000:\000\040\000S\000C\000R\000U\000M}{chapter.2}% 13
\BOOKMARK [2][-]{subsection.2.1.1}{\376\377\000J\000u\000s\000t\000i\000f\000i\000c\000a\000c\000i\000\363\000n\000\040\000d\000e\000\040\000l\000a\000\040\000m\000e\000t\000o\000d\000o\000l\000o\000g\000\355\000a}{section.2.1}% 14
\BOOKMARK [2][-]{subsection.2.1.2}{\376\377\000A\000p\000l\000i\000c\000a\000c\000i\000\363\000n\000\040\000d\000e\000\040\000S\000c\000r\000u\000m\000\040\000e\000n\000\040\000e\000l\000\040\000p\000r\000o\000y\000e\000c\000t\000o}{section.2.1}% 15
\BOOKMARK [1][-]{section.2.2}{\376\377\000F\000a\000s\000e\000\040\000e\000x\000p\000l\000o\000r\000a\000t\000o\000r\000i\000a}{chapter.2}% 16
\BOOKMARK [2][-]{subsection.2.2.1}{\376\377\000S\000t\000a\000k\000e\000h\000o\000l\000d\000e\000r\000s}{section.2.2}% 17
\BOOKMARK [2][-]{subsection.2.2.2}{\376\377\000H\000i\000s\000t\000o\000r\000i\000a\000s\000\040\000d\000e\000\040\000u\000s\000u\000a\000r\000i\000o}{section.2.2}% 18
\BOOKMARK [1][-]{section.2.3}{\376\377\000F\000a\000s\000e\000\040\000d\000e\000\040\000i\000n\000i\000c\000i\000a\000l\000i\000z\000a\000c\000i\000\363\000n}{chapter.2}% 19
\BOOKMARK [2][-]{subsection.2.3.1}{\376\377\000S\000i\000s\000t\000e\000m\000a\000\040\000d\000e\000\040\000p\000u\000n\000t\000u\000a\000c\000i\000\363\000n}{section.2.3}% 20
\BOOKMARK [2][-]{subsection.2.3.2}{\376\377\000H\000e\000r\000r\000a\000m\000i\000e\000n\000t\000a\000s\000\040\000y\000\040\000t\000e\000c\000n\000o\000l\000o\000g\000\355\000a\000s}{section.2.3}% 21
\BOOKMARK [2][-]{subsection.2.3.3}{\376\377\000E\000n\000t\000o\000r\000n\000o\000\040\000d\000e\000\040\000d\000e\000s\000a\000r\000r\000o\000l\000l\000o}{section.2.3}% 22
\BOOKMARK [2][-]{subsection.2.3.4}{\376\377\000P\000r\000o\000d\000u\000c\000t\000\040\000b\000a\000c\000k\000l\000o\000g}{section.2.3}% 23
\BOOKMARK [2][-]{subsection.2.3.5}{\376\377\000A\000r\000q\000u\000i\000t\000e\000c\000t\000u\000r\000a\000\040\000d\000e\000l\000\040\000s\000i\000s\000t\000e\000m\000a}{section.2.3}% 24
\BOOKMARK [1][-]{section.2.4}{\376\377\000F\000a\000s\000e\000\040\000d\000e\000\040\000d\000e\000s\000a\000r\000r\000o\000l\000l\000o}{chapter.2}% 25
\BOOKMARK [2][-]{subsection.2.4.1}{\376\377\000S\000p\000r\000i\000n\000t\000\040\0000\000\040\000-\000\040\000A\000r\000q\000u\000i\000t\000e\000c\000t\000u\000r\000a\000\040\000y\000\040\000p\000r\000o\000t\000o\000t\000i\000p\000a\000d\000o}{section.2.4}% 26
\BOOKMARK [2][-]{subsection.2.4.2}{\376\377\000S\000p\000r\000i\000n\000t\000\040\0001\000\040\000-\000\040\000E\000n\000t\000r\000a\000d\000a\000\040\000y\000\040\000e\000j\000e\000c\000u\000c\000i\000\363\000n\000\040\000b\000\341\000s\000i\000c\000a}{section.2.4}% 27
\BOOKMARK [2][-]{subsection.2.4.3}{\376\377\000S\000p\000r\000i\000n\000t\000\040\0002\000\040\000-\000\040\000T\000r\000a\000d\000u\000c\000c\000i\000\363\000n\000\040\000S\000Q\000L\000\040\000a\000\040\000N\000o\000S\000Q\000L\000\040\000y\000\040\000m\000a\000n\000e\000j\000o\000\040\000d\000e\000\040\000e\000r\000r\000o\000r\000e\000s}{section.2.4}% 28
\BOOKMARK [2][-]{subsection.2.4.4}{\376\377\000S\000p\000r\000i\000n\000t\000\040\0003\000\040\000-\000\040\000V\000i\000s\000u\000a\000l\000i\000z\000a\000c\000i\000\363\000n\000\040\000y\000\040\000c\000o\000m\000p\000a\000r\000a\000c\000i\000\363\000n\000\040\000d\000e\000\040\000r\000e\000s\000u\000l\000t\000a\000d\000o\000s}{section.2.4}% 29
\BOOKMARK [2][-]{subsection.2.4.5}{\376\377\000S\000p\000r\000i\000n\000t\000\040\0004\000\040\000-\000\040\000R\000e\000f\000i\000n\000a\000m\000i\000e\000n\000t\000o\000\040\000y\000\040\000d\000o\000c\000u\000m\000e\000n\000t\000a\000c\000i\000\363\000n\000\040\000f\000i\000n\000a\000l}{section.2.4}% 30
\BOOKMARK [2][-]{subsection.2.4.6}{\376\377\000S\000p\000r\000i\000n\000t\000\040\0005\000\040\000-\000\040\000A\000r\000q\000u\000i\000t\000e\000c\000t\000u\000r\000a\000\040\000f\000r\000o\000n\000t\000e\000n\000d\000\040\000e\000\040\000i\000n\000t\000e\000r\000f\000a\000z\000\040\000d\000e\000\040\000u\000s\000u\000a\000r\000i\000o}{section.2.4}% 31
\BOOKMARK [2][-]{subsection.2.4.7}{\376\377\000S\000p\000r\000i\000n\000t\000\040\0006\000\040\000-\000\040\000L\000\363\000g\000i\000c\000a\000\040\000d\000e\000\040\000i\000n\000t\000e\000g\000r\000a\000c\000i\000\363\000n\000\040\000y\000\040\000g\000e\000s\000t\000i\000\363\000n\000\040\000d\000e\000\040\000e\000s\000t\000a\000d\000o}{section.2.4}% 32
\BOOKMARK [0][-]{chapter.3}{\376\377\000R\000E\000S\000U\000L\000T\000A\000D\000O\000S\000,\000\040\000C\000O\000N\000C\000L\000U\000S\000I\000O\000N\000E\000S\000\040\000Y\000\040\000R\000E\000C\000O\000M\000E\000N\000D\000A\000C\000I\000O\000N\000E\000S}{}% 33
\BOOKMARK [1][-]{section.3.1}{\376\377\000R\000e\000s\000u\000l\000t\000a\000d\000o\000s}{chapter.3}% 34
\BOOKMARK [2][-]{subsection.3.1.1}{\376\377\000P\000r\000u\000e\000b\000a\000s\000\040\000d\000e\000\040\000i\000n\000s\000e\000r\000c\000i\000\363\000n\000\040\000d\000e\000\040\000d\000a\000t\000o\000s}{section.3.1}% 35
\BOOKMARK [2][-]{subsection.3.1.2}{\376\377\000P\000r\000u\000e\000b\000a\000s\000\040\000d\000e\000\040\000s\000e\000l\000e\000c\000c\000i\000\363\000n\000\040\000y\000\040\000f\000i\000l\000t\000r\000a\000d\000o}{section.3.1}% 36
\BOOKMARK [2][-]{subsection.3.1.3}{\376\377\000P\000r\000u\000e\000b\000a\000s\000\040\000d\000e\000\040\000m\000a\000n\000i\000p\000u\000l\000a\000c\000i\000\363\000n\000\040\000d\000e\000\040\000d\000a\000t\000o\000s}{section.3.1}% 37
\BOOKMARK [2][-]{subsection.3.1.4}{\376\377\000P\000r\000u\000e\000b\000a\000s\000\040\000d\000e\000\040\000m\000a\000n\000e\000j\000o\000\040\000d\000e\000\040\000e\000r\000r\000o\000r\000e\000s}{section.3.1}% 38
\BOOKMARK [2][-]{subsection.3.1.5}{\376\377\000P\000r\000u\000e\000b\000a\000s\000\040\000n\000o\000\040\000f\000u\000n\000c\000i\000o\000n\000a\000l\000e\000s\000:\000\040\000U\000s\000a\000b\000i\000l\000i\000d\000a\000d}{section.3.1}% 39
\BOOKMARK [1][-]{section.3.2}{\376\377\000C\000o\000n\000c\000l\000u\000s\000i\000o\000n\000e\000s}{chapter.3}% 40
\BOOKMARK [1][-]{section.3.3}{\376\377\000R\000e\000c\000o\000m\000e\000n\000d\000a\000c\000i\000o\000n\000e\000s}{chapter.3}% 41
\BOOKMARK [0][-]{chapter.4}{\376\377\000R\000E\000F\000E\000R\000E\000N\000C\000I\000A\000S\000\040\000B\000I\000B\000L\000I\000O\000G\000R\000\301\000F\000I\000C\000A\000S}{}% 42
\BOOKMARK [0][-]{appendix.Alph1}{\376\377\000C\000o\000n\000j\000u\000n\000t\000o\000\040\000d\000e\000\040\000d\000a\000t\000o\000s\000\040\000\050\000D\000a\000t\000a\000s\000e\000t\000\040\000N\000o\000S\000Q\000L\000\051}{}% 43
\BOOKMARK [0][-]{appendix.Alph2}{\376\377\000D\000e\000t\000a\000l\000l\000e\000\040\000d\000e\000\040\000p\000l\000a\000n\000i\000f\000i\000c\000a\000c\000i\000\363\000n\000\040\000\050\000B\000a\000c\000k\000l\000o\000g\000\051}{}% 44
\BOOKMARK [0][-]{appendix.Alph3}{\376\377\000G\000u\000\355\000a\000\040\000d\000e\000\040\000i\000n\000s\000t\000a\000l\000a\000c\000i\000\363\000n\000\040\000y\000\040\000d\000e\000s\000p\000l\000i\000e\000g\000u\000e}{}% 45
\BOOKMARK [0][-]{appendix.Alph4}{\376\377\000E\000n\000l\000a\000c\000e\000s\000\040\000y\000\040\000r\000e\000c\000u\000r\000s\000o\000s}{}% 46
